1 1 30 S
1 2 2 S
1 3 20 S
1 4 14 S
1 5 7 S
1 6 8 S
1 7 9 S
1 8 20 S
1 9 20 S
1 10 11 S
1 11 12 S
1 12 13 S
1 13 11 S
1 14 15 S
1 15 7 S
1 16 6 S
1 17 20 S
1 18 9 S
1 19 14 S
1 20 20 S
1 21 11 S
1 22 11 S
1 23 26 S
1 24 20 S
1 25 14 S
1 26 14 S
1 27 18 S
1 28 29 S
1 29 30 S
2 1 6 S
2 2 6 S
2 3 2 S
2 4 6 S
2 5 4 S
2 6 12 S
3 1 28 S
3 2 2 S
3 3 3 S
3 4 2 S
3 5 5 S
3 6 7 S
3 7 8 S
3 8 3 S
3 9 5 S
3 10 17 S
3 11 28 S
3 12 17 S
3 13 12 S
3 14 14 S
3 15 17 S
3 16 16 S
3 17 17 S
3 18 18 S
3 19 19 S
3 20 20 S
3 21 22 S
3 22 22 S
3 23 14 S
3 24 17 S
3 25 27 S
3 26 28 S
4 1 21 S
4 2 2 S
4 3 4 S
4 4 15 S
4 5 12 S
4 6 15 S
4 7 15 S
4 8 15 S
4 9 5 S
4 10 15 S
4 11 19 S
4 12 20 S
4 13 8 S
4 14 15 S
4 15 11 S
4 16 13 S
4 17 15 S
4 18 12 S
4 19 21 S
5 1 31 S
5 2 2 S
5 3 12 S
5 4 4 S
5 5 9 S
5 6 3 S
5 7 6 S
5 8 7 S
5 9 8 S
5 10 2 S
5 11 4 S
5 12 16 S
5 13 17 S
5 14 4 S
5 15 20 S
5 16 2 S
5 17 23 S
5 18 23 S
5 19 23 S
5 20 2 S
5 21 2 S
5 22 27 S
5 23 20 S
5 24 29 S
5 25 3 S
5 26 31 S
6 1 18 S
6 2 2 S
6 3 5 S
6 4 6 S
6 5 15 S
6 6 11 S
6 7 2 S
6 8 12 S
6 9 13 S
6 10 10 S
6 11 10 S
6 12 10 S
6 13 18 S
7 1 24 S
7 2 2 S
7 3 14 S
7 4 14 S
7 5 2 S
7 6 23 S
7 7 22 S
7 8 14 S
7 9 14 S
7 10 14 S
7 11 14 S
7 12 2 S
7 13 16 S
7 14 2 S
7 15 4 S
7 16 3 S
7 17 5 S
7 18 5 S
7 19 2 S
7 20 14 S
7 21 14 S
7 22 14 S
7 23 24 S
8 1 16 S
8 2 2 S
8 3 8 S
8 4 12 S
8 5 3 S
8 6 2 S
8 7 6 S
8 8 8 S
8 9 7 S
8 10 8 S
8 11 11 S
8 12 12 S
8 13 13 S
8 14 15 S
8 15 10 S
8 16 9 S
8 17 16 S
9 1 30 S
9 2 6 S
9 3 2 S
9 4 4 S
9 5 6 S
9 6 6 S
9 7 7 S
9 8 6 S
9 9 10 S
9 10 6 S
9 11 12 S
9 12 13 S
9 13 14 S
9 14 6 S
9 15 16 S
9 16 6 S
9 17 19 S
9 18 20 S
9 19 29 S
9 20 26 S
9 21 6 S
9 22 30 S
10 1 7 S
10 2 3 S
10 3 4 S
10 4 6 S
10 5 7 S
11 1 25 S
11 2 23 S
11 3 18 S
11 4 22 S
11 5 2 S
11 6 22 S
11 7 22 S
11 8 8 S
11 9 4 S
11 10 23 S
11 11 11 S
11 12 7 S
11 13 22 S
11 14 10 S
11 15 10 S
11 16 14 S
11 17 15 S
11 18 2 S
11 19 12 S
11 20 22 S
11 21 22 S
11 22 16 S
11 23 22 S
11 24 23 S
11 25 24 S
11 26 21 S
11 27 25 S
12 1 26 S
12 2 6 S
12 3 7 S
12 4 21 S
12 5 11 S
12 6 7 S
12 7 7 S
12 8 13 S
12 9 16 S
12 10 7 S
12 11 11 S
12 12 16 S
12 13 7 S
12 14 10 S
12 15 4 S
12 16 23 S
12 17 11 S
12 18 25 S
12 19 11 S
12 20 22 S
12 21 26 S
13 1 14 S
13 2 4 S
13 3 4 S
13 4 2 S
13 5 5 S
13 6 4 S
13 7 6 S
13 8 4 S
13 9 4 S
13 10 4 S
13 11 10 S
13 12 11 S
13 13 4 S
13 14 13 S
13 15 14 S
14 1 21 S
14 2 2 S
14 3 6 S
14 4 6 S
14 5 4 S
14 6 5 S
14 7 14 S
14 8 7 S
14 9 8 S
14 10 12 S
14 11 13 S
14 12 6 S
14 13 14 S
14 14 6 S
14 15 18 S
14 16 16 S
14 17 8 S
14 18 6 S
14 19 18 S
14 20 6 S
14 21 21 S
15 1 17 S
15 2 2 S
15 3 8 S
15 4 5 S
15 5 8 S
15 6 9 S
15 7 10 S
15 8 8 S
15 9 13 S
15 10 14 S
15 11 15 S
15 12 16 S
15 13 8 S
15 14 17 S
16 1 15 S
16 2 7 S
16 3 7 S
16 4 5 S
16 5 13 S
16 6 13 S
16 7 7 S
16 8 7 S
16 9 7 S
16 10 7 S
16 11 7 S
16 12 7 S
16 13 11 S
16 14 14 S
16 15 15 S
17 1 15 S
17 2 2 S
17 3 6 S
17 4 6 S
17 5 4 S
17 6 6 S
17 7 5 S
17 8 9 S
17 9 6 S
17 10 12 S
17 11 13 S
17 12 14 S
17 13 15 S
18 1 10 S
18 2 4 S
18 3 10 S
18 4 10 S
18 5 22 S
18 6 10 S
18 7 8 S
18 8 3 S
18 9 5 S
18 10 6 S
18 11 4 S
18 12 17 S
18 13 10 S
18 14 9 S
18 15 12 S
18 16 14 S
18 17 18 S
18 18 17 S
18 19 24 S
19 1 17 S
19 2 6 S
19 3 6 S
19 4 12 S
19 5 12 S
19 6 2 S
19 7 6 S
19 8 6 S
19 9 6 S
19 10 12 S
19 11 12 S
19 12 17 S
19 13 7 S
19 14 8 S
19 15 12 S
19 16 12 S
19 17 13 S
19 18 14 S
19 19 15 S
19 20 17 S
20 1 18 S
20 2 2 S
20 3 3 S
20 4 4 S
20 5 5 S
20 6 2 S
20 7 2 S
20 8 8 S
20 9 10 S
20 10 18 S
20 11 2 S
20 12 11 S
20 13 2 S
20 14 13 S
20 15 2 S
20 16 16 S
20 17 15 S
20 18 18 S
21 1 11 S
21 2 4 S
21 3 5 S
21 4 7 S
21 5 8 S
21 6 10 S
21 7 11 S
22 1 16 S
22 2 4 S
22 3 4 S
22 4 3 S
22 5 3 S
22 6 3 S
22 7 6 S
22 8 16 S
22 9 6 S
22 10 6 S
22 11 6 S
22 12 6 S
22 13 10 S
22 14 10 S
22 15 6 S
22 16 14 S
22 17 15 S
22 18 16 S
23 1 23 S
23 2 2 S
23 3 4 S
23 4 4 S
23 5 17 S
23 6 10 S
23 7 17 S
23 8 10 S
23 9 7 S
23 10 10 S
23 11 10 S
23 12 10 S
23 13 10 S
23 14 13 S
23 15 17 S
23 16 10 S
23 17 12 S
23 18 11 S
23 19 15 S
23 20 17 S
23 21 21 S
23 22 22 S
23 23 19 S
23 24 13 S
23 25 20 S
23 26 23 S
24 1 10 S
24 2 2 S
24 3 3 S
24 4 4 S
24 5 4 S
24 6 5 S
24 7 3 S
24 8 9 S
24 9 10 S
25 1 18 S
25 2 2 S
25 3 6 S
25 4 6 S
25 5 6 S
25 6 6 S
25 7 8 S
25 8 6 S
25 9 6 S
25 10 8 S
25 11 2 S
25 12 6 S
25 13 17 S
25 14 11 S
25 15 8 S
25 16 2 S
25 17 6 S
25 18 6 S
25 19 17 S
25 20 18 S
26 1 22 S
26 2 5 S
26 3 3 S
26 4 4 S
26 5 8 S
26 6 5 S
26 7 5 S
26 8 2 S
26 9 5 S
26 10 14 S
26 11 13 S
26 12 5 S
26 13 14 S
26 14 17 S
26 15 13 S
26 16 12 S
26 17 14 S
26 18 14 S
26 19 18 S
26 20 13 S
26 21 2 S
26 22 14 S
26 23 21 S
26 24 22 S
27 1 23 S
27 2 2 S
27 3 3 S
27 4 11 S
27 5 6 S
27 6 7 S
27 7 16 S
27 8 18 S
27 9 10 S
27 10 4 S
27 11 18 S
27 12 11 S
27 13 23 S
27 14 15 S
27 15 18 S
27 16 16 S
27 17 3 S
27 18 4 S
27 19 16 S
27 20 21 S
27 21 23 S
28 1 22 S
28 2 2 S
28 3 3 S
28 4 19 S
28 5 11 S
28 6 4 S
28 7 6 S
28 8 22 S
28 9 9 S
28 10 6 S
28 11 6 S
28 12 12 S
28 13 4 S
28 14 4 S
28 15 11 S
28 16 11 S
28 17 6 S
28 18 11 S
28 19 11 S
28 20 21 S
28 21 12 S
28 22 4 S
28 23 20 S
28 24 22 S
29 1 22 S
29 2 2 S
29 3 3 S
29 4 6 S
29 5 7 S
29 6 4 S
29 7 8 S
29 8 9 S
29 9 6 S
29 10 7 S
29 11 19 S
29 12 13 S
29 13 2 S
29 14 4 S
29 15 21 S
29 16 16 S
29 17 22 S
30 1 31 S
30 2 2 S
30 3 10 S
30 4 3 S
30 5 6 S
30 6 7 S
30 7 4 S
30 8 13 S
30 9 11 S
30 10 10 S
30 11 17 S
30 12 10 S
30 13 7 S
30 14 10 S
30 15 26 S
30 16 25 S
30 17 27 S
30 18 30 S
30 19 8 S
30 20 7 S
30 21 25 S
30 22 10 S
30 23 10 S
30 24 10 S
30 25 31 S
31 1 7 S
31 2 2 S
31 3 3 S
31 4 4 S
31 5 4 S
31 6 6 S
31 7 7 S
32 1 30 S
32 2 6 S
32 3 4 S
32 4 2 S
32 5 27 S
32 6 4 S
32 7 4 S
32 8 3 S
32 9 4 S
32 10 13 S
32 11 2 S
32 12 2 S
32 13 4 S
32 14 2 S
32 15 4 S
32 16 4 S
32 17 20 S
32 18 21 S
32 19 4 S
32 20 24 S
32 21 4 S
32 22 25 S
32 23 4 S
32 24 4 S
32 25 4 S
32 26 7 S
32 27 30 S
33 1 15 S
33 2 2 S
33 3 2 S
33 4 4 S
33 5 5 S
33 6 7 S
33 7 7 S
33 8 12 S
33 9 2 S
33 10 2 S
33 11 2 S
33 12 3 S
33 13 15 S
34 1 20 S
34 2 2 S
34 3 2 S
34 4 4 S
34 5 3 S
34 6 4 S
34 7 4 S
34 8 5 S
34 9 9 S
34 10 6 S
34 11 7 S
34 12 4 S
34 13 6 S
34 14 19 S
34 15 4 S
34 16 4 S
34 17 16 S
34 18 14 S
34 19 20 S
35 1 28 S
35 2 14 S
35 3 10 S
35 4 5 S
35 5 28 S
35 6 4 S
35 7 5 S
35 8 6 S
35 9 8 S
35 10 3 S
35 11 18 S
35 12 19 S
35 13 23 S
35 14 28 S
35 15 22 S
35 16 23 S
35 17 3 S
35 18 26 S
35 19 6 S
35 20 28 S
36 1 12 S
36 2 2 S
36 3 12 S
36 4 12 S
36 5 12 S
36 6 12 S
36 7 12 S
36 8 5 S
36 9 8 S
36 10 6 S
36 11 12 S
36 12 12 S
36 13 12 S
36 14 19 S
36 15 12 S
36 16 13 S
36 17 12 S
36 18 2 S
36 19 2 S
36 20 18 S
36 21 10 S
36 22 22 S
36 23 23 S
36 24 24 S
37 1 27 S
37 2 6 S
37 3 2 S
37 4 6 S
37 5 4 S
37 6 8 S
37 7 6 S
37 8 20 S
37 9 5 S
37 10 10 S
37 11 5 S
37 12 11 S
37 13 7 S
37 14 6 S
37 15 7 S
37 16 4 S
37 17 8 S
37 18 16 S
37 19 20 S
37 20 6 S
37 21 18 S
37 22 24 S
37 23 4 S
37 24 26 S
37 25 6 S
37 26 20 S
37 27 7 S
37 28 27 S
37 29 2 S
